20250316	12:24:06	cors	a01c64be-5ec7-4c44-a291-c292774693d3		undefined allowed by CORS
20250316	12:24:06	cors	83d80da5-3995-4c75-999b-886ddf0d79e0		undefined allowed by CORS
20250316	12:24:06	cors	244dfb90-9a10-4a41-95d3-22cd36355b09		undefined allowed by CORS
20250316	12:24:06	cors	604873d1-9901-4f85-8001-5fcf2ed7e9da		http://localhost:3000 NOT allowed by CORS
20250316	12:24:06	cors	8b571d5f-d79a-487b-ba16-ece7a816a27b		http://localhost:3000 NOT allowed by CORS
20250316	12:24:09	cors	70cbe684-0d9f-4814-8bc9-e22d335be2cf		undefined allowed by CORS
20250316	12:24:09	cors	9670b977-613b-4f73-98f1-ba749fd7f576		undefined allowed by CORS
20250316	12:24:09	cors	d343bb61-2eb9-4a5d-846f-08ee432a2f43		http://localhost:3000 NOT allowed by CORS
20250316	12:24:09	cors	f9184a51-a876-4527-8551-5e94beaf84f3		undefined allowed by CORS
20250316	12:24:09	cors	9b4e2cf9-395e-4a84-91c4-879bee519f2a		http://localhost:3000 NOT allowed by CORS
20250316	13:13:19	cors	c64ebe2f-6b80-4155-a6e9-f20140c54cf9		undefined allowed by CORS
20250316	13:13:19	cors	27c4f40b-1a32-4a91-aa22-317789ea1f59		undefined allowed by CORS
20250316	13:13:19	cors	3c87cf4e-9cc6-4926-af52-5625f274e49b		undefined allowed by CORS
20250316	13:13:19	cors	fff04b82-0d58-4579-9206-c51b742df14b		http://localhost:3000 NOT allowed by CORS
20250316	13:13:19	cors	09402f48-fc88-4f70-b8a6-40c551314d01		http://localhost:3000 NOT allowed by CORS
20250316	13:14:08	cors	f0ce311f-d0d0-4838-b011-c610f9342379		undefined allowed by CORS
20250316	13:14:08	cors	40adb717-26fb-43f8-b880-d71b4c895023		undefined allowed by CORS
20250316	13:14:08	cors	13f36044-c174-4d8c-ba80-ea66b5e6bf8b		undefined allowed by CORS
20250316	13:14:08	cors	09682e68-9f6e-4253-a2de-1ac2c2127815		http://localhost:3000 NOT allowed by CORS
20250316	13:14:08	cors	03d6ace1-5808-4d1f-a9eb-ddf8072efe3f		http://localhost:3000 NOT allowed by CORS
20250316	13:14:11	cors	f240a0ea-a461-409e-9663-86b7484c12bc		undefined allowed by CORS
20250316	13:14:11	cors	fdcdaa2d-bdfb-4f26-9434-4470b5df1b6f		undefined allowed by CORS
20250316	13:14:11	cors	d4e32170-8641-495c-8449-34a28dad5070		undefined allowed by CORS
20250316	13:14:11	cors	b5dadb73-a4c5-4d29-af3b-ab5e32d524ab		http://localhost:3000 NOT allowed by CORS
20250316	13:14:11	cors	668da31d-29f9-43ca-928e-d00cc3c363d2		http://localhost:3000 NOT allowed by CORS
20250316	13:14:19	cors	a1b781a9-af5b-42a9-aaf4-8d691bebf244		undefined allowed by CORS
20250316	13:14:19	cors	e7c3c21c-98d0-43ab-af0b-3dcf1c187f25		undefined allowed by CORS
20250316	13:14:19	cors	e10988b3-5da2-4c83-8d1d-93b6a9e7422f		http://localhost:3000 NOT allowed by CORS
20250316	13:14:19	cors	d05c9bd4-d513-4f6c-ba62-026edec34c5a		undefined allowed by CORS
20250316	13:14:19	cors	e3b973e0-446f-41c6-8bf6-ccc04ca26dab		http://localhost:3000 NOT allowed by CORS
20250316	13:14:20	cors	afc8c110-929b-453f-8774-ba131fd4768a		undefined allowed by CORS
20250316	13:14:20	cors	64df3706-518e-4c25-95ac-9fdca1d9803c		undefined allowed by CORS
20250316	13:14:20	cors	78dd32d9-39b1-483e-8a9f-ea06d9fead26		http://localhost:3000 NOT allowed by CORS
20250316	13:14:20	cors	54d6fad8-581d-442c-9e26-b9a3991485fa		http://localhost:3000 NOT allowed by CORS
20250316	13:14:20	cors	81ea584f-41fd-4449-97fe-161504ef42bf		undefined allowed by CORS
20250316	13:14:20	cors	86f5d695-5d5e-4474-abb4-8324b9fe118e		undefined allowed by CORS
20250316	13:14:20	cors	32ffd94b-01a6-466e-8d7d-744c6d98db2d		undefined allowed by CORS
20250316	13:14:20	cors	23995931-5bd7-4456-9b67-3522e45df364		undefined allowed by CORS
20250316	13:14:20	cors	5037a49f-4498-4f13-9284-74d2cdbb7a68		http://localhost:3000 NOT allowed by CORS
20250316	13:14:20	cors	3ffc65c2-993c-45c5-9ccf-e89f995d41e6		http://localhost:3000 NOT allowed by CORS
20250316	13:14:43	cors	bec66db9-2353-4609-b1af-7946c96eaca8		undefined allowed by CORS
20250316	13:14:43	cors	ca8efa76-cc1f-4bc2-a2fd-69bc54478b09		undefined allowed by CORS
20250316	13:14:43	cors	193b542d-6259-44cb-bbe6-9cbaa2603f90		undefined allowed by CORS
20250316	13:14:43	cors	cacc355b-570f-4d6f-803c-135c7788301c		http://localhost:3000 NOT allowed by CORS
20250316	13:14:43	cors	1b7d710d-b764-4e20-9e3b-058030b8ee86		http://localhost:3000 NOT allowed by CORS
20250316	13:17:02	cors	9acf2e77-b8d6-4805-ae95-8894878c7326		undefined allowed by CORS
20250316	13:17:02	cors	b70cf152-c94c-4329-b2e2-bb1ac26de7f1		undefined allowed by CORS
20250316	13:17:02	cors	ef7a7611-9dcd-467f-a0e9-6a82baeeabf0		undefined allowed by CORS
20250316	13:17:02	cors	c6e97641-d259-4293-b0e5-645901a6a092		http://localhost:3000 NOT allowed by CORS
20250316	13:17:02	cors	7eb9b152-97de-42ed-9bf5-be2f303456f5		http://localhost:3000 NOT allowed by CORS
20250316	13:17:03	cors	6ac12b5f-f9a5-4910-a88c-035c04420002		undefined allowed by CORS
20250316	13:17:03	cors	0e6776a9-f6ea-4b51-9218-57516e630727		undefined allowed by CORS
20250316	13:17:03	cors	d3e509d9-42d3-4f78-b91c-c20b33ff9b49		http://localhost:3000 NOT allowed by CORS
20250316	13:17:03	cors	beb2c8b7-0887-4c89-a4f4-b55b0760d8b7		http://localhost:3000 NOT allowed by CORS
20250316	13:17:03	cors	b2d72e46-71b1-4b39-8e43-cb83ad8112d3		undefined allowed by CORS
20250316	13:18:20	cors	c2482594-3ea1-4576-b886-a2616b313485		undefined allowed by CORS
20250316	13:18:20	cors	2dadd2aa-ba72-45e7-80df-758660b4d8bb		http://localhost:3000 NOT allowed by CORS
20250316	13:18:20	cors	e76ad26f-7da2-4f24-b1fb-e513a7ce33ed		undefined allowed by CORS
20250316	13:18:20	cors	a2939879-2c21-4ee5-94c9-d8817e41a205		undefined allowed by CORS
20250316	13:18:20	cors	4c8f38cd-9e80-4d43-bb09-25d9a4e82b23		http://localhost:3000 NOT allowed by CORS
20250316	13:18:20	cors	7b6a0fa3-cdcb-43ed-b7ca-43304be8a05f		undefined allowed by CORS
20250316	13:18:21	cors	1e9b8b1b-6e8e-4a53-8e4c-bdb43587036b		undefined allowed by CORS
20250316	13:18:21	cors	b4be61b5-73f4-4b26-8b2a-e99b40bfd3cd		undefined allowed by CORS
20250316	13:18:21	cors	5a9c3d96-fcac-4da4-8324-d942ee13ac27		http://localhost:3000 NOT allowed by CORS
20250316	13:18:21	cors	4f146360-7902-4f44-a7b5-59c785c7ecef		undefined allowed by CORS
20250316	13:18:21	cors	8adcf33e-bbdb-4552-9c86-4dd718d01556		http://localhost:3000 NOT allowed by CORS
20250316	13:18:21	cors	b4ca6ca4-3d5e-48bf-8038-ac10372bead1		undefined allowed by CORS
20250316	13:18:21	cors	e7b99347-c603-4e1c-a987-0c1475d20d31		undefined allowed by CORS
20250316	13:18:21	cors	14f17f38-3061-433e-bf6e-6f1b8a246c4b		undefined allowed by CORS
20250316	13:18:21	cors	b5451f3a-b4a9-4d72-b901-a44aa01f9004		undefined allowed by CORS
20250316	13:18:21	cors	518c48f8-6d78-4bc9-b251-959b26beed9b		http://localhost:3000 NOT allowed by CORS
20250316	13:18:21	cors	1be4878a-233d-45d9-9da1-b8ced50c9ecd		http://localhost:3000 NOT allowed by CORS
20250316	13:18:21	cors	f2dc749c-f23f-4ffc-8da0-57874c961294		undefined allowed by CORS
20250316	13:18:21	cors	b8657b14-cf0d-48ea-b676-be815d6783fb		undefined allowed by CORS
20250316	13:18:21	cors	4cffd111-3073-4d43-a54a-2557b71f4e8b		undefined allowed by CORS
20250316	13:18:21	cors	96372b72-33a7-4381-8c7e-2f1f713a7c45		http://localhost:3000 NOT allowed by CORS
20250316	13:18:21	cors	60599651-e9e2-4890-b3eb-9354aaf94d18		http://localhost:3000 NOT allowed by CORS
20250316	13:18:21	cors	5a41eccf-fcd4-4d91-8962-c5fa8bc27751		undefined allowed by CORS
20250316	13:18:21	cors	a1879a88-2814-418f-8cb3-417e3316249f		undefined allowed by CORS
20250316	13:18:21	cors	e2260483-5d97-4f46-8f1a-9684b82a3638		undefined allowed by CORS
20250316	13:18:21	cors	4f772e6a-aece-4f79-ac45-587321cf8f5a		http://localhost:3000 NOT allowed by CORS
20250316	13:18:21	cors	d55e87a7-e56b-4008-8f3c-36b3d6bca8bb		http://localhost:3000 NOT allowed by CORS
20250316	13:18:21	cors	c92458b7-4a7b-45a4-a3b6-851b587c195e		undefined allowed by CORS
20250316	13:18:21	cors	3b2701e3-fb04-4a8f-ab34-52e49ce86a26		undefined allowed by CORS
20250316	13:18:21	cors	c3dfa769-7a49-489e-804b-98b5bcf1cb8f		undefined allowed by CORS
20250316	13:18:21	cors	f130259e-2ea5-4403-90f2-1315ce4f66a3		undefined allowed by CORS
20250316	13:18:21	cors	c8321cb0-30df-48e1-af17-45bce86db630		http://localhost:3000 NOT allowed by CORS
20250316	13:18:21	cors	165253db-9b37-4066-a463-46fbddfca670		http://localhost:3000 NOT allowed by CORS
20250316	13:18:22	cors	3878b6ab-acd3-42ed-89b7-289f2e889593		undefined allowed by CORS
20250316	13:18:22	cors	67c313b8-37ce-47e5-ad6e-1c9e29142f4a		undefined allowed by CORS
20250316	13:18:22	cors	dcc5df80-2a50-407c-b5c3-1a731c7c9cfd		http://localhost:3000 NOT allowed by CORS
20250316	13:18:22	cors	63a1846e-81f9-45f9-8375-18719ff00b96		undefined allowed by CORS
20250316	13:18:22	cors	308b3c3a-7208-4e2c-b6a7-9b803fe84499		http://localhost:3000 NOT allowed by CORS
20250316	13:18:22	cors	1335305c-2fbb-4474-93a9-ce5cc73304d0		undefined allowed by CORS
20250316	13:18:22	cors	481b9308-cc68-4c3f-9d35-ec6e1b0981a0		undefined allowed by CORS
20250316	13:18:22	cors	827e0fc0-3911-476b-85d1-99722053060e		undefined allowed by CORS
20250316	13:18:22	cors	a6d2a7ba-0196-4a66-a0ce-62f6a906efa6		undefined allowed by CORS
20250316	13:18:22	cors	d3557dff-d34f-4bfd-a0c1-93adb4af20bb		http://localhost:3000 NOT allowed by CORS
20250316	13:18:22	cors	dbdccce3-6838-4a6b-9af0-0c594a37b237		http://localhost:3000 NOT allowed by CORS
20250316	13:18:22	cors	eaa047f7-d3b1-49d1-9b12-1f72a552ef32		undefined allowed by CORS
20250316	13:18:23	cors	d4a95b20-4eda-49a3-bd9c-dcc312ff9d62		undefined allowed by CORS
20250316	13:18:23	cors	08c96ac9-0b48-4024-b7a6-582ab560a491		undefined allowed by CORS
20250316	13:18:23	cors	42e90be4-6135-49b1-b7f8-f9997d9ebaab		http://localhost:3000 NOT allowed by CORS
20250316	13:18:23	cors	6dbb86e5-b377-42b4-9117-1d290b6d21fc		undefined allowed by CORS
20250316	13:18:23	cors	1a3d344e-c475-4b69-a458-33b74545fdca		http://localhost:3000 NOT allowed by CORS
20250316	13:18:23	cors	e61ca56d-4128-4d0d-a11b-90e688feaf20		undefined allowed by CORS
20250316	13:18:23	cors	24869985-99b5-4194-96cf-f1c501d2c45b		undefined allowed by CORS
20250316	13:18:23	cors	e548a34d-3f84-4e9a-ae69-a74dc3a15c28		undefined allowed by CORS
20250316	13:18:23	cors	c12e4b26-42d5-4794-adb0-f822b9a94569		undefined allowed by CORS
20250316	13:18:23	cors	aaf019ff-5ef5-4828-a045-0aadef8e6adb		http://localhost:3000 NOT allowed by CORS
20250316	13:18:23	cors	c30babb9-15b8-4cd9-ab0f-f8186fefdf92		http://localhost:3000 NOT allowed by CORS
20250316	13:18:23	cors	4594d420-8dbd-4012-ac07-67a50524070b		undefined allowed by CORS
20250316	13:19:03	cors	8e56995c-de37-4597-a03e-d1490cd81b88		undefined allowed by CORS
20250316	13:19:03	cors	9be83262-476c-4789-9739-5fb2ce6b553e		undefined allowed by CORS
20250316	13:19:03	cors	ded97973-8591-49fa-8aa2-cc83cc00b85a		undefined allowed by CORS
20250316	13:19:03	cors	9dc4993d-b86a-4062-940f-3382924b25f5		http://localhost:3000 NOT allowed by CORS
20250316	13:19:03	cors	5a5bb842-e2a1-4c63-b767-64089183ba4e		http://localhost:3000 NOT allowed by CORS
20250316	13:19:04	cors	c97d6729-9509-4ed9-91c5-a1d69161474f		undefined allowed by CORS
20250316	13:19:04	cors	d2bfb135-9e1b-44bf-8ecf-87a4c583a94a		undefined allowed by CORS
20250316	13:19:04	cors	5082a86f-8705-4ac2-827a-91374d57140a		http://localhost:3000 NOT allowed by CORS
20250316	13:19:04	cors	f0456b04-8d66-44b0-b4bc-b88472ee4952		undefined allowed by CORS
20250316	13:19:04	cors	7900c5fa-3a0f-48d1-84db-6789c55c582e		http://localhost:3000 NOT allowed by CORS
20250316	13:19:13	cors	19ce811e-cc86-4f1c-9522-5179275ab33c		undefined allowed by CORS
20250316	13:19:13	cors	a1d85fab-8b58-46a2-b5e5-935d4d7ed455		undefined allowed by CORS
20250316	13:19:13	cors	51037ee3-29b2-4087-92cd-d0dc64c7fcd8		http://localhost:3000 NOT allowed by CORS
20250316	13:19:13	cors	c9d688db-dbb8-4e2f-acc5-2ac699e70896		http://localhost:3000 NOT allowed by CORS
20250316	13:19:13	cors	e2bb3e26-51d1-4d32-9541-eec6135864c2		undefined allowed by CORS
20250316	13:22:05	cors	27eb3aab-6898-465e-86cd-b5fd4262ef41		undefined allowed by CORS
20250316	13:22:05	cors	0a799b75-c803-4f13-8361-48ffb4c5e090		undefined allowed by CORS
20250316	13:22:05	cors	c1b61661-930c-45db-b35c-7deff035950c		undefined allowed by CORS
20250316	13:22:05	cors	cced2702-320c-4eee-9d90-acf21266fb59		http://localhost:3000 NOT allowed by CORS
20250316	13:22:05	cors	cee20f93-6485-4e18-960d-8bbcb1deeaa9		http://localhost:3000 NOT allowed by CORS
20250316	13:23:00	cors	c7e9b754-2e34-4354-a396-3dfd88f2877e		undefined allowed by CORS
20250316	13:23:00	cors	469388c3-72a0-444a-be6a-43833302d759		undefined allowed by CORS
20250316	13:23:00	cors	66d86851-3905-4f0c-911f-bb92f934784c		http://localhost:3000 NOT allowed by CORS
20250316	13:23:00	cors	fbfea6c8-f5c6-4452-acd7-092e5d860dd9		undefined allowed by CORS
20250316	13:23:00	cors	ba369f7e-b77d-491d-a5b3-10d896ce180c		http://localhost:3000 NOT allowed by CORS
20250316	13:23:52	cors	52125eba-af27-4db3-a1a2-1dcccfe317b1		undefined allowed by CORS
20250316	13:23:52	cors	9052d496-0fd4-435e-956d-af30d82ff974		undefined allowed by CORS
20250316	13:23:52	cors	3378680b-6455-493a-9a85-bdb4614b0283		http://localhost:3000 allowed by CORS
20250316	13:23:52	cors	af1d29be-065b-4cd9-afa7-ce5bdef4c6b6		http://localhost:3000 allowed by CORS
20250316	13:23:52	cors	b71e2a65-f063-4bf7-853f-d59c53a8a08c		undefined allowed by CORS
20250316	13:23:52	cors	6b423fbd-b1a7-49ff-a731-899721c01969		http://localhost:3000 allowed by CORS
20250316	13:23:52	cors	2f089159-3624-412d-9e04-8c97b77b4200		http://localhost:3000 allowed by CORS
20250316	13:23:52	cors	98c20631-12e1-4051-9f81-33cb3910b348		http://localhost:3000 allowed by CORS
20250316	13:23:52	cors	6b366fb7-605c-4c98-ac30-3080bfc29a5f		http://localhost:3000 allowed by CORS
20250316	13:23:52	cors	4242bc1d-a2da-4426-b641-b38e607c0077		http://localhost:3000 allowed by CORS
20250316	13:23:52	cors	9ebc71d4-9c98-4ca3-b2a6-1cd16d51d193		http://localhost:3000 allowed by CORS
